mode: set
github.com/OpenReqEU/ri-storage-app/mongodb.go:20.71,30.16 3 0
github.com/OpenReqEU/ri-storage-app/mongodb.go:34.2,36.16 2 0
github.com/OpenReqEU/ri-storage-app/mongodb.go:30.16,32.3 1 0
github.com/OpenReqEU/ri-storage-app/mongodb.go:40.61,58.16 5 1
github.com/OpenReqEU/ri-storage-app/mongodb.go:61.2,62.16 2 1
github.com/OpenReqEU/ri-storage-app/mongodb.go:67.2,75.16 4 1
github.com/OpenReqEU/ri-storage-app/mongodb.go:80.2,88.16 4 1
github.com/OpenReqEU/ri-storage-app/mongodb.go:58.16,59.13 1 0
github.com/OpenReqEU/ri-storage-app/mongodb.go:62.16,63.13 1 0
github.com/OpenReqEU/ri-storage-app/mongodb.go:75.16,76.13 1 0
github.com/OpenReqEU/ri-storage-app/mongodb.go:88.16,89.13 1 0
github.com/OpenReqEU/ri-storage-app/mongodb.go:94.93,96.35 2 1
github.com/OpenReqEU/ri-storage-app/mongodb.go:101.2,101.13 1 1
github.com/OpenReqEU/ri-storage-app/mongodb.go:96.35,99.3 2 0
github.com/OpenReqEU/ri-storage-app/mongodb.go:105.96,114.16 5 1
github.com/OpenReqEU/ri-storage-app/mongodb.go:119.2,119.13 1 1
github.com/OpenReqEU/ri-storage-app/mongodb.go:114.16,117.3 2 0
github.com/OpenReqEU/ri-storage-app/mongodb.go:123.124,127.33 3 1
github.com/OpenReqEU/ri-storage-app/mongodb.go:136.2,136.25 1 1
github.com/OpenReqEU/ri-storage-app/mongodb.go:127.33,131.30 3 1
github.com/OpenReqEU/ri-storage-app/mongodb.go:131.30,133.4 1 1
github.com/OpenReqEU/ri-storage-app/mongodb.go:140.102,142.35 2 1
github.com/OpenReqEU/ri-storage-app/mongodb.go:147.2,147.13 1 1
github.com/OpenReqEU/ri-storage-app/mongodb.go:142.35,145.3 2 0
github.com/OpenReqEU/ri-storage-app/mongodb.go:151.87,158.16 3 1
github.com/OpenReqEU/ri-storage-app/mongodb.go:163.2,163.20 1 1
github.com/OpenReqEU/ri-storage-app/mongodb.go:158.16,160.13 2 0
github.com/OpenReqEU/ri-storage-app/mongodb.go:167.126,169.33 2 1
github.com/OpenReqEU/ri-storage-app/mongodb.go:174.2,180.16 3 1
github.com/OpenReqEU/ri-storage-app/mongodb.go:185.2,185.16 1 1
github.com/OpenReqEU/ri-storage-app/mongodb.go:169.33,171.3 1 0
github.com/OpenReqEU/ri-storage-app/mongodb.go:171.8,171.45 1 1
github.com/OpenReqEU/ri-storage-app/mongodb.go:171.45,173.3 1 1
github.com/OpenReqEU/ri-storage-app/mongodb.go:180.16,182.13 2 0
github.com/OpenReqEU/ri-storage-app/starter.go:17.13,27.2 6 0
github.com/OpenReqEU/ri-storage-app/starter.go:29.31,42.2 8 1
github.com/OpenReqEU/ri-storage-app/starter.go:44.68,48.16 3 1
github.com/OpenReqEU/ri-storage-app/starter.go:55.2,60.8 4 1
github.com/OpenReqEU/ri-storage-app/starter.go:48.16,52.3 3 1
github.com/OpenReqEU/ri-storage-app/starter.go:60.8,62.3 1 1
github.com/OpenReqEU/ri-storage-app/starter.go:62.8,64.3 1 0
github.com/OpenReqEU/ri-storage-app/starter.go:67.70,71.16 3 1
github.com/OpenReqEU/ri-storage-app/starter.go:78.2,80.36 3 1
github.com/OpenReqEU/ri-storage-app/starter.go:85.2,86.52 2 1
github.com/OpenReqEU/ri-storage-app/starter.go:71.16,75.3 3 1
github.com/OpenReqEU/ri-storage-app/starter.go:80.36,82.3 1 1
github.com/OpenReqEU/ri-storage-app/starter.go:89.71,103.8 8 1
github.com/OpenReqEU/ri-storage-app/starter.go:103.8,105.3 1 1
github.com/OpenReqEU/ri-storage-app/starter.go:105.8,107.3 1 0
github.com/OpenReqEU/ri-storage-app/starter.go:110.82,114.16 3 1
github.com/OpenReqEU/ri-storage-app/starter.go:121.2,128.50 6 1
github.com/OpenReqEU/ri-storage-app/starter.go:114.16,118.3 3 1
github.com/OpenReqEU/ri-storage-app/starter.go:131.69,141.2 6 1
github.com/OpenReqEU/ri-storage-app/starter.go:143.67,157.2 8 1
