mode: set
/Users/stanik/Documents/repos/_openreq/openreq-git/app/ri-storage-app/starter.go:17.13,36.2 12 0
/Users/stanik/Documents/repos/_openreq/openreq-git/app/ri-storage-app/starter.go:38.68,42.16 3 1
/Users/stanik/Documents/repos/_openreq/openreq-git/app/ri-storage-app/starter.go:49.2,54.8 4 1
/Users/stanik/Documents/repos/_openreq/openreq-git/app/ri-storage-app/starter.go:42.16,46.3 3 1
/Users/stanik/Documents/repos/_openreq/openreq-git/app/ri-storage-app/starter.go:54.8,56.3 1 1
/Users/stanik/Documents/repos/_openreq/openreq-git/app/ri-storage-app/starter.go:56.8,58.3 1 0
/Users/stanik/Documents/repos/_openreq/openreq-git/app/ri-storage-app/starter.go:61.70,65.16 3 1
/Users/stanik/Documents/repos/_openreq/openreq-git/app/ri-storage-app/starter.go:72.2,74.36 3 1
/Users/stanik/Documents/repos/_openreq/openreq-git/app/ri-storage-app/starter.go:79.2,80.52 2 1
/Users/stanik/Documents/repos/_openreq/openreq-git/app/ri-storage-app/starter.go:65.16,69.3 3 1
/Users/stanik/Documents/repos/_openreq/openreq-git/app/ri-storage-app/starter.go:74.36,76.3 1 1
/Users/stanik/Documents/repos/_openreq/openreq-git/app/ri-storage-app/starter.go:83.71,97.8 8 1
/Users/stanik/Documents/repos/_openreq/openreq-git/app/ri-storage-app/starter.go:97.8,99.3 1 1
/Users/stanik/Documents/repos/_openreq/openreq-git/app/ri-storage-app/starter.go:99.8,101.3 1 0
/Users/stanik/Documents/repos/_openreq/openreq-git/app/ri-storage-app/starter.go:104.82,108.16 3 0
/Users/stanik/Documents/repos/_openreq/openreq-git/app/ri-storage-app/starter.go:115.2,122.50 6 0
/Users/stanik/Documents/repos/_openreq/openreq-git/app/ri-storage-app/starter.go:108.16,112.3 3 0
/Users/stanik/Documents/repos/_openreq/openreq-git/app/ri-storage-app/starter.go:125.69,135.2 6 1
/Users/stanik/Documents/repos/_openreq/openreq-git/app/ri-storage-app/starter.go:137.67,151.2 8 1
/Users/stanik/Documents/repos/_openreq/openreq-git/app/ri-storage-app/mongodb.go:23.71,33.16 3 0
/Users/stanik/Documents/repos/_openreq/openreq-git/app/ri-storage-app/mongodb.go:37.2,39.16 2 0
/Users/stanik/Documents/repos/_openreq/openreq-git/app/ri-storage-app/mongodb.go:33.16,35.3 1 0
/Users/stanik/Documents/repos/_openreq/openreq-git/app/ri-storage-app/mongodb.go:43.61,61.16 5 1
/Users/stanik/Documents/repos/_openreq/openreq-git/app/ri-storage-app/mongodb.go:64.2,65.16 2 1
/Users/stanik/Documents/repos/_openreq/openreq-git/app/ri-storage-app/mongodb.go:70.2,78.16 4 1
/Users/stanik/Documents/repos/_openreq/openreq-git/app/ri-storage-app/mongodb.go:83.2,91.16 4 1
/Users/stanik/Documents/repos/_openreq/openreq-git/app/ri-storage-app/mongodb.go:61.16,62.13 1 0
/Users/stanik/Documents/repos/_openreq/openreq-git/app/ri-storage-app/mongodb.go:65.16,66.13 1 0
/Users/stanik/Documents/repos/_openreq/openreq-git/app/ri-storage-app/mongodb.go:78.16,79.13 1 0
/Users/stanik/Documents/repos/_openreq/openreq-git/app/ri-storage-app/mongodb.go:91.16,92.13 1 0
/Users/stanik/Documents/repos/_openreq/openreq-git/app/ri-storage-app/mongodb.go:97.93,99.35 2 1
/Users/stanik/Documents/repos/_openreq/openreq-git/app/ri-storage-app/mongodb.go:104.2,104.13 1 1
/Users/stanik/Documents/repos/_openreq/openreq-git/app/ri-storage-app/mongodb.go:99.35,102.3 2 0
/Users/stanik/Documents/repos/_openreq/openreq-git/app/ri-storage-app/mongodb.go:108.109,115.16 3 0
/Users/stanik/Documents/repos/_openreq/openreq-git/app/ri-storage-app/mongodb.go:120.2,120.16 1 0
/Users/stanik/Documents/repos/_openreq/openreq-git/app/ri-storage-app/mongodb.go:115.16,117.13 2 0
/Users/stanik/Documents/repos/_openreq/openreq-git/app/ri-storage-app/mongodb.go:124.96,133.16 5 1
/Users/stanik/Documents/repos/_openreq/openreq-git/app/ri-storage-app/mongodb.go:138.2,138.13 1 1
/Users/stanik/Documents/repos/_openreq/openreq-git/app/ri-storage-app/mongodb.go:133.16,136.3 2 0
/Users/stanik/Documents/repos/_openreq/openreq-git/app/ri-storage-app/mongodb.go:142.124,146.33 3 0
/Users/stanik/Documents/repos/_openreq/openreq-git/app/ri-storage-app/mongodb.go:155.2,155.25 1 0
/Users/stanik/Documents/repos/_openreq/openreq-git/app/ri-storage-app/mongodb.go:146.33,150.30 3 0
/Users/stanik/Documents/repos/_openreq/openreq-git/app/ri-storage-app/mongodb.go:150.30,152.4 1 0
/Users/stanik/Documents/repos/_openreq/openreq-git/app/ri-storage-app/mongodb.go:159.128,167.16 3 0
/Users/stanik/Documents/repos/_openreq/openreq-git/app/ri-storage-app/mongodb.go:172.2,172.16 1 0
/Users/stanik/Documents/repos/_openreq/openreq-git/app/ri-storage-app/mongodb.go:167.16,169.13 2 0
/Users/stanik/Documents/repos/_openreq/openreq-git/app/ri-storage-app/mongodb.go:176.102,178.35 2 1
/Users/stanik/Documents/repos/_openreq/openreq-git/app/ri-storage-app/mongodb.go:183.2,183.13 1 1
/Users/stanik/Documents/repos/_openreq/openreq-git/app/ri-storage-app/mongodb.go:178.35,181.3 2 0
/Users/stanik/Documents/repos/_openreq/openreq-git/app/ri-storage-app/mongodb.go:187.87,194.16 3 1
/Users/stanik/Documents/repos/_openreq/openreq-git/app/ri-storage-app/mongodb.go:199.2,199.20 1 1
/Users/stanik/Documents/repos/_openreq/openreq-git/app/ri-storage-app/mongodb.go:194.16,196.13 2 0
/Users/stanik/Documents/repos/_openreq/openreq-git/app/ri-storage-app/mongodb.go:203.60,209.2 3 0
/Users/stanik/Documents/repos/_openreq/openreq-git/app/ri-storage-app/mongodb.go:211.29,215.16 4 0
/Users/stanik/Documents/repos/_openreq/openreq-git/app/ri-storage-app/mongodb.go:219.2,221.20 2 0
/Users/stanik/Documents/repos/_openreq/openreq-git/app/ri-storage-app/mongodb.go:215.16,217.13 2 0
/Users/stanik/Documents/repos/_openreq/openreq-git/app/ri-storage-app/mongodb.go:225.126,227.33 2 1
/Users/stanik/Documents/repos/_openreq/openreq-git/app/ri-storage-app/mongodb.go:232.2,238.16 3 1
/Users/stanik/Documents/repos/_openreq/openreq-git/app/ri-storage-app/mongodb.go:243.2,243.16 1 1
/Users/stanik/Documents/repos/_openreq/openreq-git/app/ri-storage-app/mongodb.go:227.33,229.3 1 0
/Users/stanik/Documents/repos/_openreq/openreq-git/app/ri-storage-app/mongodb.go:229.8,229.45 1 1
/Users/stanik/Documents/repos/_openreq/openreq-git/app/ri-storage-app/mongodb.go:229.45,231.3 1 1
/Users/stanik/Documents/repos/_openreq/openreq-git/app/ri-storage-app/mongodb.go:238.16,240.13 2 0
/Users/stanik/Documents/repos/_openreq/openreq-git/app/ri-storage-app/mongodb.go:247.108,254.16 3 0
/Users/stanik/Documents/repos/_openreq/openreq-git/app/ri-storage-app/mongodb.go:259.2,259.16 1 0
/Users/stanik/Documents/repos/_openreq/openreq-git/app/ri-storage-app/mongodb.go:254.16,256.13 2 0
